<?xml version="1.0" encoding="UTF-8"?>
<!-- Generated by org.testng.reporters.JUnitReportReporter -->
<testsuite hostname="Haolin" name="demo1" tests="1" failures="0" timestamp="14 Jun 2015 18:23:08 GMT" time="12.792" errors="0">
  <testcase name="testMethod1" time="12.792" classname="demo1"/>
</testsuite> <!-- demo1 -->
