<?xml version="1.0" encoding="UTF-8"?>
<!-- Generated by org.testng.reporters.JUnitReportReporter -->
<testsuite hostname="Haolin" name="searchGoogle" tests="1" failures="0" timestamp="16 Jun 2015 22:07:36 GMT" time="14.706" errors="0">
  <testcase name="testMethod1" time="14.706" classname="searchGoogle"/>
</testsuite> <!-- searchGoogle -->
