<?xml version="1.0" encoding="UTF-8"?>
<!-- Generated by org.testng.reporters.JUnitReportReporter -->
<testsuite hostname="Haolin" name="Demo" tests="1" failures="0" timestamp="18 Jun 2015 20:50:05 GMT" time="18.160" errors="0">
  <testcase name="testMethod1" time="18.160" classname="Demo"/>
</testsuite> <!-- Demo -->
